# JRE version: Java(TM) SE Runtime Environment (8.0_45-b15) (build 1.8.0_45-b15)
# Java VM: Java HotSpot(TM) Client VM (25.45-b02 mixed mode windows-x86 )
Heap:
 def new generation   total 4928K, used 4300K [0x04400000, 0x04950000, 0x19950000)
  eden space 4416K,  85% used [0x04400000, 0x047b3270, 0x04850000)
  from space 512K, 100% used [0x048d0000, 0x04950000, 0x04950000)
  to   space 512K,   0% used [0x04850000, 0x04850000, 0x048d0000)
 tenured generation   total 10944K, used 5089K [0x19950000, 0x1a400000, 0x44400000)
   the space 10944K,  46% used [0x19950000, 0x19e48760, 0x19e48800, 0x1a400000)
 Metaspace       used 8218K, capacity 8421K, committed 8448K, reserved 8576K
GC Heap History (10 events):
Event: 4.206 GC heap before
{Heap before GC invocations=8 (full 0):
 def new generation   total 4928K, used 4928K [0x04400000, 0x04950000, 0x19950000)
  eden space 4416K, 100% used [0x04400000, 0x04850000, 0x04850000)
  from space 512K, 100% used [0x04850000, 0x048d0000, 0x048d0000)
  to   space 512K,   0% used [0x048d0000, 0x048d0000, 0x04950000)
 tenured generation   total 10944K, used 2847K [0x19950000, 0x1a400000, 0x44400000)
   the space 10944K,  26% used [0x19950000, 0x19c17d28, 0x19c17e00, 0x1a400000)
 Metaspace       used 6166K, capacity 6343K, committed 6400K, reserved 6528K
Event: 4.212 GC heap after
Heap after GC invocations=9 (full 0):
 def new generation   total 4928K, used 512K [0x04400000, 0x04950000, 0x19950000)
  eden space 4416K,   0% used [0x04400000, 0x04400000, 0x04850000)
  from space 512K, 100% used [0x048d0000, 0x04950000, 0x04950000)
  to   space 512K,   0% used [0x04850000, 0x04850000, 0x048d0000)
 tenured generation   total 10944K, used 3415K [0x19950000, 0x1a400000, 0x44400000)
   the space 10944K,  31% used [0x19950000, 0x19ca5f58, 0x19ca6000, 0x1a400000)
 Metaspace       used 6166K, capacity 6343K, committed 6400K, reserved 6528K
}
Event: 5.138 GC heap before
{Heap before GC invocations=9 (full 0):
 def new generation   total 4928K, used 4928K [0x04400000, 0x04950000, 0x19950000)
  eden space 4416K, 100% used [0x04400000, 0x04850000, 0x04850000)
  from space 512K, 100% used [0x048d0000, 0x04950000, 0x04950000)
  to   space 512K,   0% used [0x04850000, 0x04850000, 0x048d0000)
 tenured generation   total 10944K, used 3415K [0x19950000, 0x1a400000, 0x44400000)
   the space 10944K,  31% used [0x19950000, 0x19ca5f58, 0x19ca6000, 0x1a400000)
 Metaspace       used 6583K, capacity 6821K, committed 6912K, reserved 7552K
Event: 5.146 GC heap after
Heap after GC invocations=10 (full 0):
 def new generation   total 4928K, used 511K [0x04400000, 0x04950000, 0x19950000)
  eden space 4416K,   0% used [0x04400000, 0x04400000, 0x04850000)
  from space 512K,  99% used [0x04850000, 0x048cfff8, 0x048d0000)
  to   space 512K,   0% used [0x048d0000, 0x048d0000, 0x04950000)
 tenured generation   total 10944K, used 4102K [0x19950000, 0x1a400000, 0x44400000)
   the space 10944K,  37% used [0x19950000, 0x19d51b68, 0x19d51c00, 0x1a400000)
 Metaspace       used 6583K, capacity 6821K, committed 6912K, reserved 7552K
}
Event: 5.847 GC heap before
{Heap before GC invocations=10 (full 0):
 def new generation   total 4928K, used 4927K [0x04400000, 0x04950000, 0x19950000)
  eden space 4416K, 100% used [0x04400000, 0x04850000, 0x04850000)
  from space 512K,  99% used [0x04850000, 0x048cfff8, 0x048d0000)
  to   space 512K,   0% used [0x048d0000, 0x048d0000, 0x04950000)
 tenured generation   total 10944K, used 4102K [0x19950000, 0x1a400000, 0x44400000)
   the space 10944K,  37% used [0x19950000, 0x19d51b68, 0x19d51c00, 0x1a400000)
 Metaspace       used 6707K, capacity 6917K, committed 7040K, reserved 7552K
Event: 5.850 GC heap after
Heap after GC invocations=11 (full 0):
 def new generation   total 4928K, used 337K [0x04400000, 0x04950000, 0x19950000)
  eden space 4416K,   0% used [0x04400000, 0x04400000, 0x04850000)
  from space 512K,  65% used [0x048d0000, 0x04924748, 0x04950000)
  to   space 512K,   0% used [0x04850000, 0x04850000, 0x048d0000)
 tenured generation   total 10944K, used 4354K [0x19950000, 0x1a400000, 0x44400000)
   the space 10944K,  39% used [0x19950000, 0x19d90b78, 0x19d90c00, 0x1a400000)
 Metaspace       used 6707K, capacity 6917K, committed 7040K, reserved 7552K
}
Event: 6.481 GC heap before
{Heap before GC invocations=11 (full 0):
 def new generation   total 4928K, used 4753K [0x04400000, 0x04950000, 0x19950000)
  eden space 4416K, 100% used [0x04400000, 0x04850000, 0x04850000)
  from space 512K,  65% used [0x048d0000, 0x04924748, 0x04950000)
  to   space 512K,   0% used [0x04850000, 0x04850000, 0x048d0000)
 tenured generation   total 10944K, used 4354K [0x19950000, 0x1a400000, 0x44400000)
   the space 10944K,  39% used [0x19950000, 0x19d90b78, 0x19d90c00, 0x1a400000)
 Metaspace       used 7090K, capacity 7333K, committed 7424K, reserved 7552K
Event: 6.485 GC heap after
Heap after GC invocations=12 (full 0):
 def new generation   total 4928K, used 511K [0x04400000, 0x04950000, 0x19950000)
  eden space 4416K,   0% used [0x04400000, 0x04400000, 0x04850000)
  from space 512K,  99% used [0x04850000, 0x048cfff8, 0x048d0000)
  to   space 512K,   0% used [0x048d0000, 0x048d0000, 0x04950000)
 tenured generation   total 10944K, used 4533K [0x19950000, 0x1a400000, 0x44400000)
   the space 10944K,  41% used [0x19950000, 0x19dbd5f8, 0x19dbd600, 0x1a400000)
 Metaspace       used 7090K, capacity 7333K, committed 7424K, reserved 7552K
}
Event: 7.519 GC heap before
{Heap before GC invocations=12 (full 0):
 def new generation   total 4928K, used 4927K [0x04400000, 0x04950000, 0x19950000)
  eden space 4416K, 100% used [0x04400000, 0x04850000, 0x04850000)
  from space 512K,  99% used [0x04850000, 0x048cfff8, 0x048d0000)
  to   space 512K,   0% used [0x048d0000, 0x048d0000, 0x04950000)
 tenured generation   total 10944K, used 4533K [0x19950000, 0x1a400000, 0x44400000)
   the space 10944K,  41% used [0x19950000, 0x19dbd5f8, 0x19dbd600, 0x1a400000)
 Metaspace       used 7598K, capacity 7813K, committed 7936K, reserved 8576K
Event: 7.524 GC heap after
Heap after GC invocations=13 (full 0):
 def new generation   total 4928K, used 512K [0x04400000, 0x04950000, 0x19950000)
  eden space 4416K,   0% used [0x04400000, 0x04400000, 0x04850000)
  from space 512K, 100% used [0x048d0000, 0x04950000, 0x04950000)
  to   space 512K,   0% used [0x04850000, 0x04850000, 0x048d0000)
 tenured generation   total 10944K, used 5089K [0x19950000, 0x1a400000, 0x44400000)
   the space 10944K,  46% used [0x19950000, 0x19e48760, 0x19e48800, 0x1a400000)
 Metaspace       used 7598K, capacity 7813K, committed 7936K, reserved 8576K
}

